Using pre-set license
Built from '2022.3/staging' branch; Version is '2022.3.14f1 (eff2de9070d8) revision 15725278'; Using compiler version '192829333'; Build Type 'Release'
OS: 'Windows 10  (10.0.19045) 64bit Education' Language: 'ko' Physical Memory: 16318 MB
BatchMode: 1, IsHumanControllingUs: 0, StartBugReporterOnCrash: 0, Is64bit: 1, IsPro: 1

COMMAND LINE ARGUMENTS:
C:\Program Files\Unity\Hub\Editor\2022.3.14f1\Editor\Unity.exe
-adb2
-batchMode
-noUpm
-name
AssetImportWorker1
-projectPath
C:/Users/Administrator/Desktop/Game-Engine/Game
-logFile
Logs/AssetImportWorker1.log
-srvPort
58447
Successfully changed project path to: C:/Users/Administrator/Desktop/Game-Engine/Game
C:/Users/Administrator/Desktop/Game-Engine/Game
[UnityMemory] Configuration Parameters - Can be set up in boot.config
    "memorysetup-bucket-allocator-granularity=16"
    "memorysetup-bucket-allocator-bucket-count=8"
    "memorysetup-bucket-allocator-block-size=33554432"
    "memorysetup-bucket-allocator-block-count=8"
    "memorysetup-main-allocator-block-size=16777216"
    "memorysetup-thread-allocator-block-size=16777216"
    "memorysetup-gfx-main-allocator-block-size=16777216"
    "memorysetup-gfx-thread-allocator-block-size=16777216"
    "memorysetup-cache-allocator-block-size=4194304"
    "memorysetup-typetree-allocator-block-size=2097152"
    "memorysetup-profiler-bucket-allocator-granularity=16"
    "memorysetup-profiler-bucket-allocator-bucket-count=8"
    "memorysetup-profiler-bucket-allocator-block-size=33554432"
    "memorysetup-profiler-bucket-allocator-block-count=8"
    "memorysetup-profiler-allocator-block-size=16777216"
    "memorysetup-profiler-editor-allocator-block-size=1048576"
    "memorysetup-temp-allocator-size-main=16777216"
    "memorysetup-job-temp-allocator-block-size=2097152"
    "memorysetup-job-temp-allocator-block-size-background=1048576"
    "memorysetup-job-temp-allocator-reduction-small-platforms=262144"
    "memorysetup-allocator-temp-initial-block-size-main=262144"
    "memorysetup-allocator-temp-initial-block-size-worker=262144"
    "memorysetup-temp-allocator-size-background-worker=32768"
    "memorysetup-temp-allocator-size-job-worker=262144"
    "memorysetup-temp-allocator-size-preload-manager=33554432"
    "memorysetup-temp-allocator-size-nav-mesh-worker=65536"
    "memorysetup-temp-allocator-size-audio-worker=65536"
    "memorysetup-temp-allocator-size-cloud-worker=32768"
    "memorysetup-temp-allocator-size-gi-baking-worker=262144"
    "memorysetup-temp-allocator-size-gfx=262144"
Player connection [16868] Host "[IP] 192.168.0.149 [Port] 0 [Flags] 2 [Guid] 2866991849 [EditorId] 2866991849 [Version] 1048832 [Id] WindowsEditor(7,DESKTOP-G7R323G) [Debug] 1 [PackageName] WindowsEditor [ProjectName] Editor" joined multi-casting on [225.0.0.222:54997]...

Player connection [16868] Host "[IP] 192.168.0.149 [Port] 0 [Flags] 2 [Guid] 2866991849 [EditorId] 2866991849 [Version] 1048832 [Id] WindowsEditor(7,DESKTOP-G7R323G) [Debug] 1 [PackageName] WindowsEditor [ProjectName] Editor" joined alternative multi-casting on [225.0.0.222:34997]...

[Physics::Module] Initialized MultithreadedJobDispatcher with 11 workers.
Refreshing native plugins compatible for Editor in 9.31 ms, found 3 plugins.
Preloading 0 native plugins for Editor in 0.00 ms.
Initialize engine version: 2022.3.14f1 (eff2de9070d8)
[Subsystems] Discovering subsystems at path C:/Program Files/Unity/Hub/Editor/2022.3.14f1/Editor/Data/Resources/UnitySubsystems
[Subsystems] Discovering subsystems at path C:/Users/Administrator/Desktop/Game-Engine/Game/Assets
GfxDevice: creating device client; threaded=0; jobified=0
Direct3D:
    Version:  Direct3D 11.0 [level 11.1]
    Renderer: NVIDIA GeForce GTX 1660 (ID=0x2184)
    Vendor:   NVIDIA
    VRAM:     5980 MB
    Driver:   31.0.15.3623
Initialize mono
Mono path[0] = 'C:/Program Files/Unity/Hub/Editor/2022.3.14f1/Editor/Data/Managed'
Mono path[1] = 'C:/Program Files/Unity/Hub/Editor/2022.3.14f1/Editor/Data/MonoBleedingEdge/lib/mono/unityjit-win32'
Mono config path = 'C:/Program Files/Unity/Hub/Editor/2022.3.14f1/Editor/Data/MonoBleedingEdge/etc'
Using monoOptions --debugger-agent=transport=dt_socket,embedding=1,server=y,suspend=n,address=127.0.0.1:56344
Begin MonoManager ReloadAssembly
Registering precompiled unity dll's ...
Register platform support module: C:/Program Files/Unity/Hub/Editor/2022.3.14f1/Editor/Data/PlaybackEngines/AndroidPlayer/UnityEditor.Android.Extensions.dll
Register platform support module: C:/Program Files/Unity/Hub/Editor/2022.3.14f1/Editor/Data/PlaybackEngines/WindowsStandaloneSupport/UnityEditor.WindowsStandalone.Extensions.dll
Registered in 0.013471 seconds.
- Loaded All Assemblies, in  0.414 seconds
Native extension for WindowsStandalone target not found
Native extension for Android target not found
Android Extension - Scanning For ADB Devices 241 ms
Mono: successfully reloaded assembly
- Finished resetting the current domain, in  0.556 seconds
Domain Reload Profiling: 967ms
	BeginReloadAssembly (122ms)
		ExecutionOrderSort (0ms)
		DisableScriptedObjects (0ms)
		BackupInstance (0ms)
		ReleaseScriptingObjects (0ms)
		CreateAndSetChildDomain (1ms)
	RebuildCommonClasses (33ms)
	RebuildNativeTypeToScriptingClass (11ms)
	initialDomainReloadingComplete (76ms)
	LoadAllAssembliesAndSetupDomain (168ms)
		LoadAssemblies (121ms)
		RebuildTransferFunctionScriptingTraits (0ms)
		AnalyzeDomain (164ms)
			TypeCache.Refresh (162ms)
				TypeCache.ScanAssembly (139ms)
			ScanForSourceGeneratedMonoScriptInfo (1ms)
			ResolveRequiredComponents (1ms)
	FinalizeReload (557ms)
		ReleaseScriptCaches (0ms)
		RebuildScriptCaches (0ms)
		SetupLoadedEditorAssemblies (492ms)
			LogAssemblyErrors (0ms)
			InitializePlatformSupportModulesInManaged (347ms)
			SetLoadedEditorAssemblies (4ms)
			RefreshPlugins (0ms)
			BeforeProcessingInitializeOnLoad (2ms)
			ProcessInitializeOnLoadAttributes (92ms)
			ProcessInitializeOnLoadMethodAttributes (47ms)
			AfterProcessingInitializeOnLoad (0ms)
			EditorAssembliesLoaded (0ms)
		ExecutionOrderSort2 (0ms)
		AwakeInstancesAfterBackupRestoration (0ms)
========================================================================
Worker process is ready to serve import requests
Begin MonoManager ReloadAssembly
- Loaded All Assemblies, in  0.795 seconds
Refreshing native plugins compatible for Editor in 3.49 ms, found 3 plugins.
Native extension for WindowsStandalone target not found
Native extension for Android target not found
Package Manager log level set to [2]
[Package Manager] Server::EnsureServerProcessIsRunning -- launch failed, reason: Unity was launched with the -noUpm command-line argument
[Package Manager] UpmClient::Send -- Unable to send message (not connected to UPM process).
[Package Manager] Cannot connect to Unity Package Manager local server
Mono: successfully reloaded assembly
- Finished resetting the current domain, in  0.629 seconds
Domain Reload Profiling: 1421ms
	BeginReloadAssembly (194ms)
		ExecutionOrderSort (0ms)
		DisableScriptedObjects (6ms)
		BackupInstance (0ms)
		ReleaseScriptingObjects (0ms)
		CreateAndSetChildDomain (30ms)
	RebuildCommonClasses (38ms)
	RebuildNativeTypeToScriptingClass (12ms)
	initialDomainReloadingComplete (53ms)
	LoadAllAssembliesAndSetupDomain (495ms)
		LoadAssemblies (389ms)
		RebuildTransferFunctionScriptingTraits (0ms)
		AnalyzeDomain (220ms)
			TypeCache.Refresh (193ms)
				TypeCache.ScanAssembly (169ms)
			ScanForSourceGeneratedMonoScriptInfo (20ms)
			ResolveRequiredComponents (4ms)
	FinalizeReload (629ms)
		ReleaseScriptCaches (0ms)
		RebuildScriptCaches (0ms)
		SetupLoadedEditorAssemblies (442ms)
			LogAssemblyErrors (0ms)
			InitializePlatformSupportModulesInManaged (28ms)
			SetLoadedEditorAssemblies (3ms)
			RefreshPlugins (0ms)
			BeforeProcessingInitializeOnLoad (73ms)
			ProcessInitializeOnLoadAttributes (304ms)
			ProcessInitializeOnLoadMethodAttributes (22ms)
			AfterProcessingInitializeOnLoad (12ms)
			EditorAssembliesLoaded (0ms)
		ExecutionOrderSort2 (0ms)
		AwakeInstancesAfterBackupRestoration (12ms)
Launched and connected shader compiler UnityShaderCompiler.exe after 0.04 seconds
Refreshing native plugins compatible for Editor in 3.74 ms, found 3 plugins.
Preloading 0 native plugins for Editor in 0.00 ms.
Unloading 3113 Unused Serialized files (Serialized files now loaded: 0)
Unloading 32 unused Assets / (57.5 KB). Loaded Objects now: 3585.
Memory consumption went from 133.7 MB to 133.7 MB.
Total: 3.947600 ms (FindLiveObjects: 0.359700 ms CreateObjectMapping: 0.567000 ms MarkObjects: 2.823000 ms  DeleteObjects: 0.196900 ms)

AssetImportParameters requested are different than current active one (requested -> active):
  custom:container-demuxer-ogg: 62fdf1f143b41e24485cea50d1cbac27 -> 
  custom:video-decoder-ogg-theora: a1e56fd34408186e4bbccfd4996cb3dc -> 
  custom:framework-win-MediaFoundation: 216162199b28c13a410421893ffa2e32 -> 
  custom:CustomObjectIndexerAttribute: 756ad292c208cfabdd7b50bc23989ffe -> 
  custom:container-demuxer-webm: 4f35f7cbe854078d1ac9338744f61a02 -> 
  custom:container-muxer-webm: aa71ff27fc2769a1b78a27578f13a17b -> 
  custom:video-decoder-webm-vp8: 9c59270c3fd7afecdb556c50c9e8de78 -> 
  custom:SearchIndexIgnoredProperties: e643bd26f0fe6173181afceb89e7c659 -> 
  custom:AudioImporter_EditorPlatform: d09bf68614088b80899f8185d706f6e7 -> 
  custom:video-encoder-webm-vp8: eb34c28f22e8b96e1ab97ce403110664 -> 
  custom:audio-decoder-ogg-vorbis: bf7c407c2cedff20999df2af8eb42d56 -> 
  custom:audio-encoder-webm-vorbis: bf7c407c2cedff20999df2af8eb42d56 -> 
========================================================================
Received Import Request.
  Time since last request: 614082.998891 seconds.
  path: Assets/Class12th (Animation Retargeting)/Models/Remy.fbx
  artifactKey: Guid(fd2f1db1025b22f42bb75a03b9029012) Importer(815301076,1909f56bfc062723c751e8b465ee728b)
Start importing Assets/Class12th (Animation Retargeting)/Models/Remy.fbx using Guid(fd2f1db1025b22f42bb75a03b9029012) Importer(815301076,1909f56bfc062723c751e8b465ee728b)  -> (artifact id: 'e238b23c60811a659d4eaa4ddf3d41dd') in 0.461597 seconds
Number of updated asset objects reloaded before import = 0
Number of asset objects unloaded after import = 173
========================================================================
Received Import Request.
  Time since last request: 87.097905 seconds.
  path: Assets/Class12th (Animation Retargeting)/Animations/Remy@Walking.fbx
  artifactKey: Guid(269d627c65c21ec4b829064bbee8fbb2) Importer(815301076,1909f56bfc062723c751e8b465ee728b)
Start importing Assets/Class12th (Animation Retargeting)/Animations/Remy@Walking.fbx using Guid(269d627c65c21ec4b829064bbee8fbb2) Importer(815301076,1909f56bfc062723c751e8b465ee728b)  -> (artifact id: '1b61f6a1251aaf5985aff36d8c6cc12a') in 0.005411 seconds
Number of updated asset objects reloaded before import = 0
Number of asset objects unloaded after import = 139
========================================================================
Received Import Request.
  Time since last request: 2.513853 seconds.
  path: Assets/Class12th (Animation Retargeting)/Textures/Boy01_FacialAnimMap.png
  artifactKey: Guid(29fc58739595b46419609f8f3ab81049) Importer(815301076,1909f56bfc062723c751e8b465ee728b)
Start importing Assets/Class12th (Animation Retargeting)/Textures/Boy01_FacialAnimMap.png using Guid(29fc58739595b46419609f8f3ab81049) Importer(815301076,1909f56bfc062723c751e8b465ee728b)  -> (artifact id: 'a4308a80bd633e3aeb8b711e429a0fb3') in 0.047625 seconds
Number of updated asset objects reloaded before import = 0
Number of asset objects unloaded after import = 2
========================================================================
Received Import Request.
  Time since last request: 0.000023 seconds.
  path: Assets/Class12th (Animation Retargeting)/Textures/Remy_Shoes_Normal.png
  artifactKey: Guid(bab2c563e2966224a971c01f1caa2f05) Importer(815301076,1909f56bfc062723c751e8b465ee728b)
Start importing Assets/Class12th (Animation Retargeting)/Textures/Remy_Shoes_Normal.png using Guid(bab2c563e2966224a971c01f1caa2f05) Importer(815301076,1909f56bfc062723c751e8b465ee728b)  -> (artifact id: 'db764954ba165d872460b15234cb94d4') in 0.027758 seconds
Number of updated asset objects reloaded before import = 0
Number of asset objects unloaded after import = 2
========================================================================
Received Import Request.
  Time since last request: 0.000021 seconds.
  path: Assets/Class12th (Animation Retargeting)/Textures/Boy01_normal.jpg
  artifactKey: Guid(bb51744d747f68e4ba7889dc55b131ad) Importer(815301076,1909f56bfc062723c751e8b465ee728b)
Start importing Assets/Class12th (Animation Retargeting)/Textures/Boy01_normal.jpg using Guid(bb51744d747f68e4ba7889dc55b131ad) Importer(815301076,1909f56bfc062723c751e8b465ee728b)  -> (artifact id: '63967163b77d175ece5824711c782c2c') in 0.030764 seconds
Number of updated asset objects reloaded before import = 0
Number of asset objects unloaded after import = 2
========================================================================
Received Import Request.
  Time since last request: 0.000020 seconds.
  path: Assets/Class12th (Animation Retargeting)/Textures/Remy_Top_Gloss.png
  artifactKey: Guid(0e4be4050ceda6c4287d2c5b3a7683ad) Importer(815301076,1909f56bfc062723c751e8b465ee728b)
Start importing Assets/Class12th (Animation Retargeting)/Textures/Remy_Top_Gloss.png using Guid(0e4be4050ceda6c4287d2c5b3a7683ad) Importer(815301076,1909f56bfc062723c751e8b465ee728b)  -> (artifact id: 'de7f00a14309c8ba6ca7fe50676d4578') in 0.033601 seconds
Number of updated asset objects reloaded before import = 0
Number of asset objects unloaded after import = 2
========================================================================
Received Import Request.
  Time since last request: 0.000037 seconds.
  path: Assets/Class12th (Animation Retargeting)/Textures/Remy_Body_Specular.png
  artifactKey: Guid(cc1e5fc2a1682af4aa2e7b26859317c8) Importer(815301076,1909f56bfc062723c751e8b465ee728b)
Start importing Assets/Class12th (Animation Retargeting)/Textures/Remy_Body_Specular.png using Guid(cc1e5fc2a1682af4aa2e7b26859317c8) Importer(815301076,1909f56bfc062723c751e8b465ee728b)  -> (artifact id: '9baa72fd8d12e357da6d8ea45481d941') in 0.031640 seconds
Number of updated asset objects reloaded before import = 0
Number of asset objects unloaded after import = 2
========================================================================
Received Import Request.
  Time since last request: 0.000035 seconds.
  path: Assets/Class12th (Animation Retargeting)/Textures/Remy_Bottom_Specular.png
  artifactKey: Guid(36869347b029e6c4682f04475a680bb5) Importer(815301076,1909f56bfc062723c751e8b465ee728b)
Start importing Assets/Class12th (Animation Retargeting)/Textures/Remy_Bottom_Specular.png using Guid(36869347b029e6c4682f04475a680bb5) Importer(815301076,1909f56bfc062723c751e8b465ee728b)  -> (artifact id: 'a1257742147ed40ff3f40041881a71ea') in 0.029961 seconds
Number of updated asset objects reloaded before import = 0
Number of asset objects unloaded after import = 2
========================================================================
Received Import Request.
  Time since last request: 0.000016 seconds.
  path: Assets/Class12th (Animation Retargeting)/Textures/Remy_Bottom_Normal.png
  artifactKey: Guid(ebf700af3e50b5d4cb9456aa892022d3) Importer(815301076,1909f56bfc062723c751e8b465ee728b)
Start importing Assets/Class12th (Animation Retargeting)/Textures/Remy_Bottom_Normal.png using Guid(ebf700af3e50b5d4cb9456aa892022d3) Importer(815301076,1909f56bfc062723c751e8b465ee728b)  -> (artifact id: 'bdd3d32a37fd68d1d607e01a8b379553') in 0.020657 seconds
Number of updated asset objects reloaded before import = 0
Number of asset objects unloaded after import = 2
========================================================================
Received Import Request.
  Time since last request: 0.000085 seconds.
  path: Assets/Class12th (Animation Retargeting)/Textures/Remy_Hair_Gloss.png
  artifactKey: Guid(38b767d5863bc484082a9f4c8ea6d8cc) Importer(815301076,1909f56bfc062723c751e8b465ee728b)
Start importing Assets/Class12th (Animation Retargeting)/Textures/Remy_Hair_Gloss.png using Guid(38b767d5863bc484082a9f4c8ea6d8cc) Importer(815301076,1909f56bfc062723c751e8b465ee728b)  -> (artifact id: '787442940dd706788adad300d4b32ecb') in 0.026804 seconds
Number of updated asset objects reloaded before import = 0
Number of asset objects unloaded after import = 2
========================================================================
Received Import Request.
  Time since last request: 0.000024 seconds.
  path: Assets/Class12th (Animation Retargeting)/Textures/Remy_Body_Gloss.png
  artifactKey: Guid(99c9dd3bffc79c84d866d2d331e4abc4) Importer(815301076,1909f56bfc062723c751e8b465ee728b)
Start importing Assets/Class12th (Animation Retargeting)/Textures/Remy_Body_Gloss.png using Guid(99c9dd3bffc79c84d866d2d331e4abc4) Importer(815301076,1909f56bfc062723c751e8b465ee728b)  -> (artifact id: '816300502ef553e7286e5d0f0ac973ae') in 0.029983 seconds
Number of updated asset objects reloaded before import = 0
Number of asset objects unloaded after import = 2
========================================================================
Received Import Request.
  Time since last request: 0.000023 seconds.
  path: Assets/Class12th (Animation Retargeting)/Textures/Remy_Top_Normal.png
  artifactKey: Guid(848bcf064acd0404993b85a5d4e27996) Importer(815301076,1909f56bfc062723c751e8b465ee728b)
Start importing Assets/Class12th (Animation Retargeting)/Textures/Remy_Top_Normal.png using Guid(848bcf064acd0404993b85a5d4e27996) Importer(815301076,1909f56bfc062723c751e8b465ee728b)  -> (artifact id: '59bcdbb777f52c19e4202144db57419c') in 0.026462 seconds
Number of updated asset objects reloaded before import = 0
Number of asset objects unloaded after import = 2
========================================================================
Received Import Request.
  Time since last request: 0.000034 seconds.
  path: Assets/Class12th (Animation Retargeting)/Textures/Remy_Hair_Normal.png
  artifactKey: Guid(7a34bcca62e89a046a78edaba03b0dad) Importer(815301076,1909f56bfc062723c751e8b465ee728b)
Start importing Assets/Class12th (Animation Retargeting)/Textures/Remy_Hair_Normal.png using Guid(7a34bcca62e89a046a78edaba03b0dad) Importer(815301076,1909f56bfc062723c751e8b465ee728b)  -> (artifact id: '79f681e00deef5584815e1a7dbf49182') in 0.019165 seconds
Number of updated asset objects reloaded before import = 0
Number of asset objects unloaded after import = 2
========================================================================
Received Import Request.
  Time since last request: 0.000023 seconds.
  path: Assets/Class12th (Animation Retargeting)/Textures/Remy_Top_Diffuse.png
  artifactKey: Guid(50cb5fe91cbcaf641a7b7bd78ff34bfd) Importer(815301076,1909f56bfc062723c751e8b465ee728b)
Start importing Assets/Class12th (Animation Retargeting)/Textures/Remy_Top_Diffuse.png using Guid(50cb5fe91cbcaf641a7b7bd78ff34bfd) Importer(815301076,1909f56bfc062723c751e8b465ee728b)  -> (artifact id: '25977d3b83a9c3ad4475d50e91368529') in 0.020471 seconds
Number of updated asset objects reloaded before import = 0
Number of asset objects unloaded after import = 2
Editor requested this worker to shutdown with reason: Scaling down because of idle timeout
TcpMessagingSession - receive error: operation aborted. errorcode: 995, details: ˝ş·ąµĺ Áľ·á ¶Ç´Â ŔŔżë ÇÁ·Î±×·Ą żäĂ» ¶§ą®żˇ I/O ŔŰľ÷ŔĚ ĂëĽŇµÇľú˝Ŕ´Ď´Ů.
AssetImportWorker is now disconnected from the server
Process exiting
Exiting without the bug reporter. Application will terminate with return code 0