Using pre-set license
Built from '2022.3/staging' branch; Version is '2022.3.14f1 (eff2de9070d8) revision 15725278'; Using compiler version '192829333'; Build Type 'Release'
OS: 'Windows 10  (10.0.19045) 64bit Education' Language: 'ko' Physical Memory: 16318 MB
BatchMode: 1, IsHumanControllingUs: 0, StartBugReporterOnCrash: 0, Is64bit: 1, IsPro: 1

COMMAND LINE ARGUMENTS:
C:\Program Files\Unity\Hub\Editor\2022.3.14f1\Editor\Unity.exe
-adb2
-batchMode
-noUpm
-name
AssetImportWorker0
-projectPath
C:/Users/Administrator/Desktop/Game-Engine/Game
-logFile
Logs/AssetImportWorker0.log
-srvPort
64734
Successfully changed project path to: C:/Users/Administrator/Desktop/Game-Engine/Game
C:/Users/Administrator/Desktop/Game-Engine/Game
[UnityMemory] Configuration Parameters - Can be set up in boot.config
    "memorysetup-bucket-allocator-granularity=16"
    "memorysetup-bucket-allocator-bucket-count=8"
    "memorysetup-bucket-allocator-block-size=33554432"
    "memorysetup-bucket-allocator-block-count=8"
    "memorysetup-main-allocator-block-size=16777216"
    "memorysetup-thread-allocator-block-size=16777216"
    "memorysetup-gfx-main-allocator-block-size=16777216"
    "memorysetup-gfx-thread-allocator-block-size=16777216"
    "memorysetup-cache-allocator-block-size=4194304"
    "memorysetup-typetree-allocator-block-size=2097152"
    "memorysetup-profiler-bucket-allocator-granularity=16"
    "memorysetup-profiler-bucket-allocator-bucket-count=8"
    "memorysetup-profiler-bucket-allocator-block-size=33554432"
    "memorysetup-profiler-bucket-allocator-block-count=8"
    "memorysetup-profiler-allocator-block-size=16777216"
    "memorysetup-profiler-editor-allocator-block-size=1048576"
    "memorysetup-temp-allocator-size-main=16777216"
    "memorysetup-job-temp-allocator-block-size=2097152"
    "memorysetup-job-temp-allocator-block-size-background=1048576"
    "memorysetup-job-temp-allocator-reduction-small-platforms=262144"
    "memorysetup-allocator-temp-initial-block-size-main=262144"
    "memorysetup-allocator-temp-initial-block-size-worker=262144"
    "memorysetup-temp-allocator-size-background-worker=32768"
    "memorysetup-temp-allocator-size-job-worker=262144"
    "memorysetup-temp-allocator-size-preload-manager=33554432"
    "memorysetup-temp-allocator-size-nav-mesh-worker=65536"
    "memorysetup-temp-allocator-size-audio-worker=65536"
    "memorysetup-temp-allocator-size-cloud-worker=32768"
    "memorysetup-temp-allocator-size-gi-baking-worker=262144"
    "memorysetup-temp-allocator-size-gfx=262144"
Player connection [2460] Host "[IP] 192.168.0.149 [Port] 0 [Flags] 2 [Guid] 3305997873 [EditorId] 3305997873 [Version] 1048832 [Id] WindowsEditor(7,DESKTOP-G7R323G) [Debug] 1 [PackageName] WindowsEditor [ProjectName] Editor" joined multi-casting on [225.0.0.222:54997]...

Player connection [2460] Host "[IP] 192.168.0.149 [Port] 0 [Flags] 2 [Guid] 3305997873 [EditorId] 3305997873 [Version] 1048832 [Id] WindowsEditor(7,DESKTOP-G7R323G) [Debug] 1 [PackageName] WindowsEditor [ProjectName] Editor" joined alternative multi-casting on [225.0.0.222:34997]...

[Physics::Module] Initialized MultithreadedJobDispatcher with 11 workers.
Refreshing native plugins compatible for Editor in 10.40 ms, found 3 plugins.
Preloading 0 native plugins for Editor in 0.00 ms.
Initialize engine version: 2022.3.14f1 (eff2de9070d8)
[Subsystems] Discovering subsystems at path C:/Program Files/Unity/Hub/Editor/2022.3.14f1/Editor/Data/Resources/UnitySubsystems
[Subsystems] Discovering subsystems at path C:/Users/Administrator/Desktop/Game-Engine/Game/Assets
GfxDevice: creating device client; threaded=0; jobified=0
Direct3D:
    Version:  Direct3D 11.0 [level 11.1]
    Renderer: NVIDIA GeForce GTX 1660 (ID=0x2184)
    Vendor:   NVIDIA
    VRAM:     5980 MB
    Driver:   31.0.15.3623
Initialize mono
Mono path[0] = 'C:/Program Files/Unity/Hub/Editor/2022.3.14f1/Editor/Data/Managed'
Mono path[1] = 'C:/Program Files/Unity/Hub/Editor/2022.3.14f1/Editor/Data/MonoBleedingEdge/lib/mono/unityjit-win32'
Mono config path = 'C:/Program Files/Unity/Hub/Editor/2022.3.14f1/Editor/Data/MonoBleedingEdge/etc'
Using monoOptions --debugger-agent=transport=dt_socket,embedding=1,server=y,suspend=n,address=127.0.0.1:56656
Begin MonoManager ReloadAssembly
Registering precompiled unity dll's ...
Register platform support module: C:/Program Files/Unity/Hub/Editor/2022.3.14f1/Editor/Data/PlaybackEngines/AndroidPlayer/UnityEditor.Android.Extensions.dll
Register platform support module: C:/Program Files/Unity/Hub/Editor/2022.3.14f1/Editor/Data/PlaybackEngines/WindowsStandaloneSupport/UnityEditor.WindowsStandalone.Extensions.dll
Registered in 0.012865 seconds.
- Loaded All Assemblies, in  0.420 seconds
Native extension for WindowsStandalone target not found
Native extension for Android target not found
Android Extension - Scanning For ADB Devices 261 ms
Mono: successfully reloaded assembly
- Finished resetting the current domain, in  0.567 seconds
Domain Reload Profiling: 985ms
	BeginReloadAssembly (122ms)
		ExecutionOrderSort (0ms)
		DisableScriptedObjects (0ms)
		BackupInstance (0ms)
		ReleaseScriptingObjects (0ms)
		CreateAndSetChildDomain (1ms)
	RebuildCommonClasses (35ms)
	RebuildNativeTypeToScriptingClass (12ms)
	initialDomainReloadingComplete (70ms)
	LoadAllAssembliesAndSetupDomain (179ms)
		LoadAssemblies (120ms)
		RebuildTransferFunctionScriptingTraits (0ms)
		AnalyzeDomain (176ms)
			TypeCache.Refresh (174ms)
				TypeCache.ScanAssembly (155ms)
			ScanForSourceGeneratedMonoScriptInfo (1ms)
			ResolveRequiredComponents (0ms)
	FinalizeReload (567ms)
		ReleaseScriptCaches (0ms)
		RebuildScriptCaches (0ms)
		SetupLoadedEditorAssemblies (509ms)
			LogAssemblyErrors (0ms)
			InitializePlatformSupportModulesInManaged (366ms)
			SetLoadedEditorAssemblies (3ms)
			RefreshPlugins (0ms)
			BeforeProcessingInitializeOnLoad (2ms)
			ProcessInitializeOnLoadAttributes (92ms)
			ProcessInitializeOnLoadMethodAttributes (46ms)
			AfterProcessingInitializeOnLoad (0ms)
			EditorAssembliesLoaded (0ms)
		ExecutionOrderSort2 (0ms)
		AwakeInstancesAfterBackupRestoration (0ms)
========================================================================
Worker process is ready to serve import requests
Begin MonoManager ReloadAssembly
- Loaded All Assemblies, in  0.736 seconds
Refreshing native plugins compatible for Editor in 5.02 ms, found 3 plugins.
Native extension for WindowsStandalone target not found
Native extension for Android target not found
Package Manager log level set to [2]
[Package Manager] Server::EnsureServerProcessIsRunning -- launch failed, reason: Unity was launched with the -noUpm command-line argument
[Package Manager] UpmClient::Send -- Unable to send message (not connected to UPM process).
[Package Manager] Cannot connect to Unity Package Manager local server
Mono: successfully reloaded assembly
- Finished resetting the current domain, in  0.703 seconds
Domain Reload Profiling: 1437ms
	BeginReloadAssembly (179ms)
		ExecutionOrderSort (0ms)
		DisableScriptedObjects (7ms)
		BackupInstance (0ms)
		ReleaseScriptingObjects (0ms)
		CreateAndSetChildDomain (35ms)
	RebuildCommonClasses (36ms)
	RebuildNativeTypeToScriptingClass (16ms)
	initialDomainReloadingComplete (45ms)
	LoadAllAssembliesAndSetupDomain (457ms)
		LoadAssemblies (351ms)
		RebuildTransferFunctionScriptingTraits (0ms)
		AnalyzeDomain (204ms)
			TypeCache.Refresh (181ms)
				TypeCache.ScanAssembly (161ms)
			ScanForSourceGeneratedMonoScriptInfo (17ms)
			ResolveRequiredComponents (5ms)
	FinalizeReload (704ms)
		ReleaseScriptCaches (0ms)
		RebuildScriptCaches (0ms)
		SetupLoadedEditorAssemblies (497ms)
			LogAssemblyErrors (0ms)
			InitializePlatformSupportModulesInManaged (32ms)
			SetLoadedEditorAssemblies (5ms)
			RefreshPlugins (0ms)
			BeforeProcessingInitializeOnLoad (69ms)
			ProcessInitializeOnLoadAttributes (357ms)
			ProcessInitializeOnLoadMethodAttributes (25ms)
			AfterProcessingInitializeOnLoad (9ms)
			EditorAssembliesLoaded (0ms)
		ExecutionOrderSort2 (0ms)
		AwakeInstancesAfterBackupRestoration (10ms)
Launched and connected shader compiler UnityShaderCompiler.exe after 0.05 seconds
Refreshing native plugins compatible for Editor in 3.63 ms, found 3 plugins.
Preloading 0 native plugins for Editor in 0.00 ms.
Unloading 3104 Unused Serialized files (Serialized files now loaded: 0)
Unloading 32 unused Assets / (57.7 KB). Loaded Objects now: 3574.
Memory consumption went from 133.3 MB to 133.2 MB.
Total: 4.544400 ms (FindLiveObjects: 0.494900 ms CreateObjectMapping: 0.255400 ms MarkObjects: 3.530700 ms  DeleteObjects: 0.260900 ms)

AssetImportParameters requested are different than current active one (requested -> active):
  custom:container-demuxer-ogg: 62fdf1f143b41e24485cea50d1cbac27 -> 
  custom:video-decoder-ogg-theora: a1e56fd34408186e4bbccfd4996cb3dc -> 
  custom:framework-win-MediaFoundation: 216162199b28c13a410421893ffa2e32 -> 
  custom:CustomObjectIndexerAttribute: 756ad292c208cfabdd7b50bc23989ffe -> 
  custom:container-demuxer-webm: 4f35f7cbe854078d1ac9338744f61a02 -> 
  custom:container-muxer-webm: aa71ff27fc2769a1b78a27578f13a17b -> 
  custom:video-decoder-webm-vp8: 9c59270c3fd7afecdb556c50c9e8de78 -> 
  custom:SearchIndexIgnoredProperties: e643bd26f0fe6173181afceb89e7c659 -> 
  custom:AudioImporter_EditorPlatform: d09bf68614088b80899f8185d706f6e7 -> 
  custom:video-encoder-webm-vp8: eb34c28f22e8b96e1ab97ce403110664 -> 
  custom:audio-decoder-ogg-vorbis: bf7c407c2cedff20999df2af8eb42d56 -> 
  custom:audio-encoder-webm-vorbis: bf7c407c2cedff20999df2af8eb42d56 -> 
========================================================================
Received Import Request.
  Time since last request: 8378.157297 seconds.
  path: Assets/Class8th (Instantiate)/Scenes
  artifactKey: Guid(c2f90ec006a257e4db47d3ce06f00df6) Importer(815301076,1909f56bfc062723c751e8b465ee728b)
Start importing Assets/Class8th (Instantiate)/Scenes using Guid(c2f90ec006a257e4db47d3ce06f00df6) Importer(815301076,1909f56bfc062723c751e8b465ee728b)  -> (artifact id: '5f60acd91b0eda110994ad4f5ae662d6') in 0.002742 seconds
Number of updated asset objects reloaded before import = 0
Number of asset objects unloaded after import = 0
========================================================================
Received Import Request.
  Time since last request: 12.148088 seconds.
  path: Assets/Class8th (Instantiate)/Scenes/Game.unity
  artifactKey: Guid(ad99dbde780b7a4488f2751d99b7208c) Importer(815301076,1909f56bfc062723c751e8b465ee728b)
Start importing Assets/Class8th (Instantiate)/Scenes/Game.unity using Guid(ad99dbde780b7a4488f2751d99b7208c) Importer(815301076,1909f56bfc062723c751e8b465ee728b)  -> (artifact id: '9ea24bd0ef6cb356bf06a53a34ce1eda') in 0.000473 seconds
Number of updated asset objects reloaded before import = 0
Number of asset objects unloaded after import = 0
========================================================================
Received Import Request.
  Time since last request: 645.302799 seconds.
  path: Assets/Class8th (Instantiate)/Polygon-Lite Survival Collection/Prefabs
  artifactKey: Guid(e62fbaf9c24111144b80fa2d57663abb) Importer(815301076,1909f56bfc062723c751e8b465ee728b)
Start importing Assets/Class8th (Instantiate)/Polygon-Lite Survival Collection/Prefabs using Guid(e62fbaf9c24111144b80fa2d57663abb) Importer(815301076,1909f56bfc062723c751e8b465ee728b)  -> (artifact id: '09418391c29518f89afeb464bc062c0a') in 0.000740 seconds
Number of updated asset objects reloaded before import = 0
Number of asset objects unloaded after import = 0
========================================================================
Received Import Request.
  Time since last request: 0.074952 seconds.
  path: Assets/Class8th (Instantiate)/Polygon-Lite Survival Collection/Prefabs/Apple_01.prefab
  artifactKey: Guid(6db7680dca4eb2748a7339cb3bc13d14) Importer(815301076,1909f56bfc062723c751e8b465ee728b)
Start importing Assets/Class8th (Instantiate)/Polygon-Lite Survival Collection/Prefabs/Apple_01.prefab using Guid(6db7680dca4eb2748a7339cb3bc13d14) Importer(815301076,1909f56bfc062723c751e8b465ee728b)  -> (artifact id: '49a39265830fdbfbc7c860ee393c37ef') in 0.111042 seconds
Number of updated asset objects reloaded before import = 0
Number of asset objects unloaded after import = 10
========================================================================
Received Import Request.
  Time since last request: 0.000063 seconds.
  path: Assets/Class8th (Instantiate)/Polygon-Lite Survival Collection/Prefabs/SM_Barrel_Open_01.prefab
  artifactKey: Guid(64fa9b70bbeb6964fa2a2df094b8e78d) Importer(815301076,1909f56bfc062723c751e8b465ee728b)
Start importing Assets/Class8th (Instantiate)/Polygon-Lite Survival Collection/Prefabs/SM_Barrel_Open_01.prefab using Guid(64fa9b70bbeb6964fa2a2df094b8e78d) Importer(815301076,1909f56bfc062723c751e8b465ee728b)  -> (artifact id: '3981acf108a825393bd0e1f14359329f') in 0.025592 seconds
Number of updated asset objects reloaded before import = 0
Number of asset objects unloaded after import = 11
========================================================================
Received Import Request.
  Time since last request: 0.000028 seconds.
  path: Assets/Class8th (Instantiate)/Polygon-Lite Survival Collection/Prefabs/SM_HOOK_FOR_Fishing_Rod_02.prefab
  artifactKey: Guid(21f69cbf9e7cd174d8737093cebdf481) Importer(815301076,1909f56bfc062723c751e8b465ee728b)
Start importing Assets/Class8th (Instantiate)/Polygon-Lite Survival Collection/Prefabs/SM_HOOK_FOR_Fishing_Rod_02.prefab using Guid(21f69cbf9e7cd174d8737093cebdf481) Importer(815301076,1909f56bfc062723c751e8b465ee728b)  -> (artifact id: '839cf0056402aa534fcc2e6b6c0630d2') in 0.019731 seconds
Number of updated asset objects reloaded before import = 0
Number of asset objects unloaded after import = 46
========================================================================
Received Import Request.
  Time since last request: 0.000015 seconds.
  path: Assets/Class8th (Instantiate)/Polygon-Lite Survival Collection/Prefabs/Meat_03.prefab
  artifactKey: Guid(f3834b0b997a98f4abd2393ccf97366b) Importer(815301076,1909f56bfc062723c751e8b465ee728b)
Start importing Assets/Class8th (Instantiate)/Polygon-Lite Survival Collection/Prefabs/Meat_03.prefab using Guid(f3834b0b997a98f4abd2393ccf97366b) Importer(815301076,1909f56bfc062723c751e8b465ee728b)  -> (artifact id: '2c7243fe0001c8a0f1f9aac57e5cfca3') in 0.014291 seconds
Number of updated asset objects reloaded before import = 0
Number of asset objects unloaded after import = 10
========================================================================
Received Import Request.
  Time since last request: 0.000021 seconds.
  path: Assets/Class8th (Instantiate)/Polygon-Lite Survival Collection/Prefabs/Canned_food_B_01.prefab
  artifactKey: Guid(4c22dade7f9c21b44b6cea88848f5e8d) Importer(815301076,1909f56bfc062723c751e8b465ee728b)
Start importing Assets/Class8th (Instantiate)/Polygon-Lite Survival Collection/Prefabs/Canned_food_B_01.prefab using Guid(4c22dade7f9c21b44b6cea88848f5e8d) Importer(815301076,1909f56bfc062723c751e8b465ee728b)  -> (artifact id: '45b3d3b7550f44d8ba00b60dc04210e3') in 0.015354 seconds
Number of updated asset objects reloaded before import = 0
Number of asset objects unloaded after import = 10
========================================================================
Received Import Request.
  Time since last request: 0.000024 seconds.
  path: Assets/Class8th (Instantiate)/Polygon-Lite Survival Collection/Prefabs/SM_Chuck_Pistol_Box_9_EMPTY.prefab
  artifactKey: Guid(f2faea41168d49f4b800fb973c865a33) Importer(815301076,1909f56bfc062723c751e8b465ee728b)
Start importing Assets/Class8th (Instantiate)/Polygon-Lite Survival Collection/Prefabs/SM_Chuck_Pistol_Box_9_EMPTY.prefab using Guid(f2faea41168d49f4b800fb973c865a33) Importer(815301076,1909f56bfc062723c751e8b465ee728b)  -> (artifact id: '9b41822dd03df9d7e6c8db1509fc209f') in 0.015951 seconds
Number of updated asset objects reloaded before import = 0
Number of asset objects unloaded after import = 10
========================================================================
Received Import Request.
  Time since last request: 0.000023 seconds.
  path: Assets/Class8th (Instantiate)/Polygon-Lite Survival Collection/Prefabs/SM_Chainsaw.prefab
  artifactKey: Guid(6230fa9fa4c316c49b43bcaedfd466df) Importer(815301076,1909f56bfc062723c751e8b465ee728b)
Start importing Assets/Class8th (Instantiate)/Polygon-Lite Survival Collection/Prefabs/SM_Chainsaw.prefab using Guid(6230fa9fa4c316c49b43bcaedfd466df) Importer(815301076,1909f56bfc062723c751e8b465ee728b)  -> (artifact id: '50e571a8412e691574862133c13b545c') in 0.028397 seconds
Number of updated asset objects reloaded before import = 0
Number of asset objects unloaded after import = 10
========================================================================
Received Import Request.
  Time since last request: 0.000026 seconds.
  path: Assets/Class8th (Instantiate)/Polygon-Lite Survival Collection/Prefabs/Meat_02.prefab
  artifactKey: Guid(e70c788d9b889f44b8057c1ca261dbb9) Importer(815301076,1909f56bfc062723c751e8b465ee728b)
Start importing Assets/Class8th (Instantiate)/Polygon-Lite Survival Collection/Prefabs/Meat_02.prefab using Guid(e70c788d9b889f44b8057c1ca261dbb9) Importer(815301076,1909f56bfc062723c751e8b465ee728b)  -> (artifact id: 'e375c2d51719935fcaefe4dec5c5d0fe') in 0.014768 seconds
Number of updated asset objects reloaded before import = 0
Number of asset objects unloaded after import = 10
========================================================================
Received Import Request.
  Time since last request: 0.000024 seconds.
  path: Assets/Class8th (Instantiate)/Polygon-Lite Survival Collection/Prefabs/Homemade_Medical_Splint.prefab
  artifactKey: Guid(37476453262801641b9ba6c5a30a8098) Importer(815301076,1909f56bfc062723c751e8b465ee728b)
Start importing Assets/Class8th (Instantiate)/Polygon-Lite Survival Collection/Prefabs/Homemade_Medical_Splint.prefab using Guid(37476453262801641b9ba6c5a30a8098) Importer(815301076,1909f56bfc062723c751e8b465ee728b)  -> (artifact id: '2de2b128837326a2157581d5da0b97fb') in 0.019512 seconds
Number of updated asset objects reloaded before import = 0
Number of asset objects unloaded after import = 10
========================================================================
Received Import Request.
  Time since last request: 0.000028 seconds.
  path: Assets/Class8th (Instantiate)/Polygon-Lite Survival Collection/Prefabs/SM_ARAMID_FABRIC.prefab
  artifactKey: Guid(0bc308d5d4320ef4384e58e1eb73428a) Importer(815301076,1909f56bfc062723c751e8b465ee728b)
Start importing Assets/Class8th (Instantiate)/Polygon-Lite Survival Collection/Prefabs/SM_ARAMID_FABRIC.prefab using Guid(0bc308d5d4320ef4384e58e1eb73428a) Importer(815301076,1909f56bfc062723c751e8b465ee728b)  -> (artifact id: '9549b9a294070352cd9ccdbdc0868955') in 0.017143 seconds
Number of updated asset objects reloaded before import = 0
Number of asset objects unloaded after import = 10
========================================================================
Received Import Request.
  Time since last request: 0.000017 seconds.
  path: Assets/Class8th (Instantiate)/Polygon-Lite Survival Collection/Prefabs/SM_Cartridges_9.19 (3).prefab
  artifactKey: Guid(91ec4ba84f903af469c3374d284c72fa) Importer(815301076,1909f56bfc062723c751e8b465ee728b)
Start importing Assets/Class8th (Instantiate)/Polygon-Lite Survival Collection/Prefabs/SM_Cartridges_9.19 (3).prefab using Guid(91ec4ba84f903af469c3374d284c72fa) Importer(815301076,1909f56bfc062723c751e8b465ee728b)  -> (artifact id: '3b7d3a69a20c5e6e9384c13d9963ec6a') in 0.016566 seconds
Number of updated asset objects reloaded before import = 0
Number of asset objects unloaded after import = 10
========================================================================
Received Import Request.
  Time since last request: 0.000042 seconds.
  path: Assets/Class8th (Instantiate)/Polygon-Lite Survival Collection/Prefabs/Bandage.prefab
  artifactKey: Guid(cc727501756aee741997efa9a175c317) Importer(815301076,1909f56bfc062723c751e8b465ee728b)
Start importing Assets/Class8th (Instantiate)/Polygon-Lite Survival Collection/Prefabs/Bandage.prefab using Guid(cc727501756aee741997efa9a175c317) Importer(815301076,1909f56bfc062723c751e8b465ee728b)  -> (artifact id: 'b9613c76be03aae5c19ff17157761a6e') in 0.021883 seconds
Number of updated asset objects reloaded before import = 0
Number of asset objects unloaded after import = 10
========================================================================
Received Import Request.
  Time since last request: 0.000019 seconds.
  path: Assets/Class8th (Instantiate)/Polygon-Lite Survival Collection/Prefabs/SM_Canister_01.prefab
  artifactKey: Guid(0f2d5ce1d5cb3a741a65c988a7f1ed22) Importer(815301076,1909f56bfc062723c751e8b465ee728b)
Start importing Assets/Class8th (Instantiate)/Polygon-Lite Survival Collection/Prefabs/SM_Canister_01.prefab using Guid(0f2d5ce1d5cb3a741a65c988a7f1ed22) Importer(815301076,1909f56bfc062723c751e8b465ee728b)  -> (artifact id: '3bf18cf955c1f181b6ac4963f09d699b') in 0.013256 seconds
Number of updated asset objects reloaded before import = 0
Number of asset objects unloaded after import = 10
========================================================================
Received Import Request.
  Time since last request: 0.000022 seconds.
  path: Assets/Class8th (Instantiate)/Polygon-Lite Survival Collection/Prefabs/SM_Collimator_Sight_A_01.prefab
  artifactKey: Guid(129eda89f2b005c45a74bd52224c6076) Importer(815301076,1909f56bfc062723c751e8b465ee728b)
Start importing Assets/Class8th (Instantiate)/Polygon-Lite Survival Collection/Prefabs/SM_Collimator_Sight_A_01.prefab using Guid(129eda89f2b005c45a74bd52224c6076) Importer(815301076,1909f56bfc062723c751e8b465ee728b)  -> (artifact id: '3f2c7fb74ccaf16ab9f9c37d49324775') in 0.015399 seconds
Number of updated asset objects reloaded before import = 0
Number of asset objects unloaded after import = 10
========================================================================
Received Import Request.
  Time since last request: 0.000024 seconds.
  path: Assets/Class8th (Instantiate)/Polygon-Lite Survival Collection/Prefabs/SM_Handguard_For_Submachine_Gun_01.prefab
  artifactKey: Guid(26b8206028c8ad242bf7bcfe0703439b) Importer(815301076,1909f56bfc062723c751e8b465ee728b)
Start importing Assets/Class8th (Instantiate)/Polygon-Lite Survival Collection/Prefabs/SM_Handguard_For_Submachine_Gun_01.prefab using Guid(26b8206028c8ad242bf7bcfe0703439b) Importer(815301076,1909f56bfc062723c751e8b465ee728b)  -> (artifact id: '77593dc385d52d0313a2222e2357c2e1') in 0.015440 seconds
Number of updated asset objects reloaded before import = 0
Number of asset objects unloaded after import = 10
========================================================================
Received Import Request.
  Time since last request: 0.000019 seconds.
  path: Assets/Class8th (Instantiate)/Polygon-Lite Survival Collection/Prefabs/SM_Butt_Of_The_Rifle_For_Special_Submachine_Gun_Clean.prefab
  artifactKey: Guid(f1934d0715948b54d83e420685e0d87b) Importer(815301076,1909f56bfc062723c751e8b465ee728b)
Start importing Assets/Class8th (Instantiate)/Polygon-Lite Survival Collection/Prefabs/SM_Butt_Of_The_Rifle_For_Special_Submachine_Gun_Clean.prefab using Guid(f1934d0715948b54d83e420685e0d87b) Importer(815301076,1909f56bfc062723c751e8b465ee728b)  -> (artifact id: '92463619546f59dc41d549777227da9e') in 0.013558 seconds
Number of updated asset objects reloaded before import = 0
Number of asset objects unloaded after import = 10
========================================================================
Received Import Request.
  Time since last request: 0.000026 seconds.
  path: Assets/Class8th (Instantiate)/Polygon-Lite Survival Collection/Prefabs/SM_Chuck_Pistol_Box_9_CLOSED.prefab
  artifactKey: Guid(a82432d1109cc4c49b891160c9db1aa7) Importer(815301076,1909f56bfc062723c751e8b465ee728b)
Start importing Assets/Class8th (Instantiate)/Polygon-Lite Survival Collection/Prefabs/SM_Chuck_Pistol_Box_9_CLOSED.prefab using Guid(a82432d1109cc4c49b891160c9db1aa7) Importer(815301076,1909f56bfc062723c751e8b465ee728b)  -> (artifact id: '9deb05b78fb03cf922a72ccf19ba730d') in 0.014224 seconds
Number of updated asset objects reloaded before import = 0
Number of asset objects unloaded after import = 10
========================================================================
Received Import Request.
  Time since last request: 0.000015 seconds.
  path: Assets/Class8th (Instantiate)/Polygon-Lite Survival Collection/Prefabs/SM_GAS_CYLINDER_02.prefab
  artifactKey: Guid(ab3787f757082314fb65fb7ca4552c31) Importer(815301076,1909f56bfc062723c751e8b465ee728b)
Start importing Assets/Class8th (Instantiate)/Polygon-Lite Survival Collection/Prefabs/SM_GAS_CYLINDER_02.prefab using Guid(ab3787f757082314fb65fb7ca4552c31) Importer(815301076,1909f56bfc062723c751e8b465ee728b)  -> (artifact id: '916b058b996099f9a33d70da4fb23e3e') in 0.015141 seconds
Number of updated asset objects reloaded before import = 0
Number of asset objects unloaded after import = 10
========================================================================
Received Import Request.
  Time since last request: 0.000015 seconds.
  path: Assets/Class8th (Instantiate)/Polygon-Lite Survival Collection/Prefabs/SM_Chuck_Pistol_Box_9.19.prefab
  artifactKey: Guid(260b181a36214d94d9a2e9929947e034) Importer(815301076,1909f56bfc062723c751e8b465ee728b)
Start importing Assets/Class8th (Instantiate)/Polygon-Lite Survival Collection/Prefabs/SM_Chuck_Pistol_Box_9.19.prefab using Guid(260b181a36214d94d9a2e9929947e034) Importer(815301076,1909f56bfc062723c751e8b465ee728b)  -> (artifact id: '454ed24e1fbb57bd65aadc29dd182964') in 0.019026 seconds
Number of updated asset objects reloaded before import = 0
Number of asset objects unloaded after import = 10
========================================================================
Received Import Request.
  Time since last request: 0.000018 seconds.
  path: Assets/Class8th (Instantiate)/Polygon-Lite Survival Collection/Prefabs/SM_Collimator_Sight_B_01.prefab
  artifactKey: Guid(59325158d2140a4428c7bc6d792cb605) Importer(815301076,1909f56bfc062723c751e8b465ee728b)
Start importing Assets/Class8th (Instantiate)/Polygon-Lite Survival Collection/Prefabs/SM_Collimator_Sight_B_01.prefab using Guid(59325158d2140a4428c7bc6d792cb605) Importer(815301076,1909f56bfc062723c751e8b465ee728b)  -> (artifact id: 'e3d2856931472d98e59804fc9c8599d1') in 0.015776 seconds
Number of updated asset objects reloaded before import = 0
Number of asset objects unloaded after import = 10
========================================================================
Received Import Request.
  Time since last request: 0.000027 seconds.
  path: Assets/Class8th (Instantiate)/Polygon-Lite Survival Collection/Prefabs/SM_FIREWOOD_LAYING.prefab
  artifactKey: Guid(fdb04e938e3a67d4ca9f646bc86fa9a2) Importer(815301076,1909f56bfc062723c751e8b465ee728b)
Start importing Assets/Class8th (Instantiate)/Polygon-Lite Survival Collection/Prefabs/SM_FIREWOOD_LAYING.prefab using Guid(fdb04e938e3a67d4ca9f646bc86fa9a2) Importer(815301076,1909f56bfc062723c751e8b465ee728b)  -> (artifact id: '6f32817811b257c80deedcb3178a5603') in 0.013256 seconds
Number of updated asset objects reloaded before import = 0
Number of asset objects unloaded after import = 10
========================================================================
Received Import Request.
  Time since last request: 0.748496 seconds.
  path: Assets/Class8th (Instantiate)/Polygon-Lite Survival Collection/Prefabs/SM_Log.prefab
  artifactKey: Guid(1e63d2a1731e95a4bbee54952e67f2b5) Importer(815301076,1909f56bfc062723c751e8b465ee728b)
Start importing Assets/Class8th (Instantiate)/Polygon-Lite Survival Collection/Prefabs/SM_Log.prefab using Guid(1e63d2a1731e95a4bbee54952e67f2b5) Importer(815301076,1909f56bfc062723c751e8b465ee728b)  -> (artifact id: '959fd1172709365e85b6f865ed272202') in 0.016642 seconds
Number of updated asset objects reloaded before import = 0
Number of asset objects unloaded after import = 10
========================================================================
Received Import Request.
  Time since last request: 0.000032 seconds.
  path: Assets/Class8th (Instantiate)/Polygon-Lite Survival Collection/Prefabs/SM_Muffler_04.prefab
  artifactKey: Guid(5c9ddf07179e6a9488ccb9ebb6c30ba7) Importer(815301076,1909f56bfc062723c751e8b465ee728b)
Start importing Assets/Class8th (Instantiate)/Polygon-Lite Survival Collection/Prefabs/SM_Muffler_04.prefab using Guid(5c9ddf07179e6a9488ccb9ebb6c30ba7) Importer(815301076,1909f56bfc062723c751e8b465ee728b)  -> (artifact id: '7fa33eadb89fb11ceb0d623d9effebb4') in 0.015712 seconds
Number of updated asset objects reloaded before import = 0
Number of asset objects unloaded after import = 10
========================================================================
Received Import Request.
  Time since last request: 0.000029 seconds.
  path: Assets/Class8th (Instantiate)/Polygon-Lite Survival Collection/Prefabs/SM_Magazine_For_Special_Submachine_Gun.prefab
  artifactKey: Guid(eebf9633a5556074fa8426026d1c460f) Importer(815301076,1909f56bfc062723c751e8b465ee728b)
Start importing Assets/Class8th (Instantiate)/Polygon-Lite Survival Collection/Prefabs/SM_Magazine_For_Special_Submachine_Gun.prefab using Guid(eebf9633a5556074fa8426026d1c460f) Importer(815301076,1909f56bfc062723c751e8b465ee728b)  -> (artifact id: '7db2b69638845ea821d17cd63df2aa2d') in 0.014655 seconds
Number of updated asset objects reloaded before import = 0
Number of asset objects unloaded after import = 10
========================================================================
Received Import Request.
  Time since last request: 0.000018 seconds.
  path: Assets/Class8th (Instantiate)/Polygon-Lite Survival Collection/Prefabs/SM_Magazine_For_Special_Submachine_Gun_Empty.prefab
  artifactKey: Guid(6cc25e1b147c93248987a6b4e5deee90) Importer(815301076,1909f56bfc062723c751e8b465ee728b)
Start importing Assets/Class8th (Instantiate)/Polygon-Lite Survival Collection/Prefabs/SM_Magazine_For_Special_Submachine_Gun_Empty.prefab using Guid(6cc25e1b147c93248987a6b4e5deee90) Importer(815301076,1909f56bfc062723c751e8b465ee728b)  -> (artifact id: '70b64955872cb49066134d49e8a3c2be') in 0.015852 seconds
Number of updated asset objects reloaded before import = 0
Number of asset objects unloaded after import = 10
========================================================================
Received Import Request.
  Time since last request: 0.000022 seconds.
  path: Assets/Class8th (Instantiate)/Polygon-Lite Survival Collection/Prefabs/SM_Magazine_For_Army_Pistol.prefab
  artifactKey: Guid(5d6c8044d7125364a83e2ab1c71c4ed5) Importer(815301076,1909f56bfc062723c751e8b465ee728b)
Start importing Assets/Class8th (Instantiate)/Polygon-Lite Survival Collection/Prefabs/SM_Magazine_For_Army_Pistol.prefab using Guid(5d6c8044d7125364a83e2ab1c71c4ed5) Importer(815301076,1909f56bfc062723c751e8b465ee728b)  -> (artifact id: 'bb21fd3ace96622d0a3f1f90d606d69c') in 0.015593 seconds
Number of updated asset objects reloaded before import = 0
Number of asset objects unloaded after import = 10
========================================================================
Received Import Request.
  Time since last request: 0.000037 seconds.
  path: Assets/Class8th (Instantiate)/Polygon-Lite Survival Collection/Prefabs/SM_Scrap_Metal_03.prefab
  artifactKey: Guid(cc312fcfb332c8a45bd9691cbf391d16) Importer(815301076,1909f56bfc062723c751e8b465ee728b)
Start importing Assets/Class8th (Instantiate)/Polygon-Lite Survival Collection/Prefabs/SM_Scrap_Metal_03.prefab using Guid(cc312fcfb332c8a45bd9691cbf391d16) Importer(815301076,1909f56bfc062723c751e8b465ee728b)  -> (artifact id: 'e6ee71396e9cb81fe91afb3e250ac6f8') in 0.014880 seconds
Number of updated asset objects reloaded before import = 0
Number of asset objects unloaded after import = 10
========================================================================
Received Import Request.
  Time since last request: 0.000017 seconds.
  path: Assets/Class8th (Instantiate)/Polygon-Lite Survival Collection/Prefabs/SM_Scrap_Metal_02.prefab
  artifactKey: Guid(498ab23c9cbee7845b2c689473697044) Importer(815301076,1909f56bfc062723c751e8b465ee728b)
Start importing Assets/Class8th (Instantiate)/Polygon-Lite Survival Collection/Prefabs/SM_Scrap_Metal_02.prefab using Guid(498ab23c9cbee7845b2c689473697044) Importer(815301076,1909f56bfc062723c751e8b465ee728b)  -> (artifact id: 'e81b638735c60f3f0699d85b3ba696b5') in 0.015662 seconds
Number of updated asset objects reloaded before import = 0
Number of asset objects unloaded after import = 10
========================================================================
Received Import Request.
  Time since last request: 0.387568 seconds.
  path: Assets/Class8th (Instantiate)/Polygon-Lite Survival Collection/Prefabs/SM_Sledgehammer.prefab
  artifactKey: Guid(c1261337aad64ef4db60b9b168b33feb) Importer(815301076,1909f56bfc062723c751e8b465ee728b)
Start importing Assets/Class8th (Instantiate)/Polygon-Lite Survival Collection/Prefabs/SM_Sledgehammer.prefab using Guid(c1261337aad64ef4db60b9b168b33feb) Importer(815301076,1909f56bfc062723c751e8b465ee728b)  -> (artifact id: '734946c04f00ff9d933ad4efd57d7d4c') in 0.013154 seconds
Number of updated asset objects reloaded before import = 0
Number of asset objects unloaded after import = 10
========================================================================
Received Import Request.
  Time since last request: 0.000025 seconds.
  path: Assets/Class8th (Instantiate)/Polygon-Lite Survival Collection/Prefabs/Tent_A_01.prefab
  artifactKey: Guid(b5991b8efe7e0044888b9058f6d3119f) Importer(815301076,1909f56bfc062723c751e8b465ee728b)
Start importing Assets/Class8th (Instantiate)/Polygon-Lite Survival Collection/Prefabs/Tent_A_01.prefab using Guid(b5991b8efe7e0044888b9058f6d3119f) Importer(815301076,1909f56bfc062723c751e8b465ee728b)  -> (artifact id: 'c80b52ff25573db60b435e8fb93992d9') in 0.015596 seconds
Number of updated asset objects reloaded before import = 0
Number of asset objects unloaded after import = 10
========================================================================
Received Import Request.
  Time since last request: 0.000018 seconds.
  path: Assets/Class8th (Instantiate)/Polygon-Lite Survival Collection/Prefabs/SM_Vertical_Handle_01.prefab
  artifactKey: Guid(580b4dae3deb3ea4e975a4bf33fa4387) Importer(815301076,1909f56bfc062723c751e8b465ee728b)
Start importing Assets/Class8th (Instantiate)/Polygon-Lite Survival Collection/Prefabs/SM_Vertical_Handle_01.prefab using Guid(580b4dae3deb3ea4e975a4bf33fa4387) Importer(815301076,1909f56bfc062723c751e8b465ee728b)  -> (artifact id: 'd71ef005bd1c1cc62f820ed22c003edb') in 0.014951 seconds
Number of updated asset objects reloaded before import = 0
Number of asset objects unloaded after import = 10
========================================================================
Received Import Request.
  Time since last request: 0.000018 seconds.
  path: Assets/Class8th (Instantiate)/Polygon-Lite Survival Collection/Prefabs/SM_Woods_02.prefab
  artifactKey: Guid(e59cb3c0308f45c4cac1274abf832b77) Importer(815301076,1909f56bfc062723c751e8b465ee728b)
Start importing Assets/Class8th (Instantiate)/Polygon-Lite Survival Collection/Prefabs/SM_Woods_02.prefab using Guid(e59cb3c0308f45c4cac1274abf832b77) Importer(815301076,1909f56bfc062723c751e8b465ee728b)  -> (artifact id: '37a0c69b2319efe404855566e59343d8') in 0.014531 seconds
Number of updated asset objects reloaded before import = 0
Number of asset objects unloaded after import = 10
========================================================================
Received Import Request.
  Time since last request: 0.000016 seconds.
  path: Assets/Class8th (Instantiate)/Polygon-Lite Survival Collection/Prefabs/SM_Workbench.prefab
  artifactKey: Guid(405182fb1a70a9d4a8a4c06cae1e6b5f) Importer(815301076,1909f56bfc062723c751e8b465ee728b)
Start importing Assets/Class8th (Instantiate)/Polygon-Lite Survival Collection/Prefabs/SM_Workbench.prefab using Guid(405182fb1a70a9d4a8a4c06cae1e6b5f) Importer(815301076,1909f56bfc062723c751e8b465ee728b)  -> (artifact id: 'a1605665ffccb4fb2cd3470ade3620c7') in 0.019433 seconds
Number of updated asset objects reloaded before import = 0
Number of asset objects unloaded after import = 10
========================================================================
Received Import Request.
  Time since last request: 0.000016 seconds.
  path: Assets/Class8th (Instantiate)/Polygon-Lite Survival Collection/Prefabs/Small_Canned_Food_D_03.prefab
  artifactKey: Guid(a0be92f82bc08274b8f14f7998fe6eea) Importer(815301076,1909f56bfc062723c751e8b465ee728b)
Start importing Assets/Class8th (Instantiate)/Polygon-Lite Survival Collection/Prefabs/Small_Canned_Food_D_03.prefab using Guid(a0be92f82bc08274b8f14f7998fe6eea) Importer(815301076,1909f56bfc062723c751e8b465ee728b)  -> (artifact id: '11e7f79e764f34bff4d605ea22a9e32d') in 0.013975 seconds
Number of updated asset objects reloaded before import = 0
Number of asset objects unloaded after import = 10
========================================================================
Received Import Request.
  Time since last request: 9.157505 seconds.
  path: Assets/Class8th (Instantiate)/2DIcons/Icons/Flashlight_1.png
  artifactKey: Guid(43d27c85f3039924795605d5a5782ba5) Importer(815301076,1909f56bfc062723c751e8b465ee728b)
Start importing Assets/Class8th (Instantiate)/2DIcons/Icons/Flashlight_1.png using Guid(43d27c85f3039924795605d5a5782ba5) Importer(815301076,1909f56bfc062723c751e8b465ee728b)  -> (artifact id: 'b589b56e8d6040774860e10f710729dd') in 0.041420 seconds
Number of updated asset objects reloaded before import = 0
Number of asset objects unloaded after import = 3
========================================================================
Received Import Request.
  Time since last request: 0.000016 seconds.
  path: Assets/Class8th (Instantiate)/2DIcons/Icons/Lantern.png
  artifactKey: Guid(755e67548b354db468ed2102f00602fe) Importer(815301076,1909f56bfc062723c751e8b465ee728b)
Start importing Assets/Class8th (Instantiate)/2DIcons/Icons/Lantern.png using Guid(755e67548b354db468ed2102f00602fe) Importer(815301076,1909f56bfc062723c751e8b465ee728b)  -> (artifact id: 'af6efa2470a40826c74cd0dfbc54b93d') in 0.023295 seconds
Number of updated asset objects reloaded before import = 0
Number of asset objects unloaded after import = 3
========================================================================
Received Import Request.
  Time since last request: 67.620508 seconds.
  path: Assets/Class8th (Instantiate)/Polygon-Lite Survival Collection/Models/Assembled_Tent_A.fbx
  artifactKey: Guid(f94c2828f003a00409630826d3f03b5c) Importer(815301076,1909f56bfc062723c751e8b465ee728b)
Start importing Assets/Class8th (Instantiate)/Polygon-Lite Survival Collection/Models/Assembled_Tent_A.fbx using Guid(f94c2828f003a00409630826d3f03b5c) Importer(815301076,1909f56bfc062723c751e8b465ee728b)  -> (artifact id: '1e72f4346cb0f13836c61acad7fbeb47') in 0.035235 seconds
Number of updated asset objects reloaded before import = 0
Number of asset objects unloaded after import = 7
========================================================================
Received Import Request.
  Time since last request: 0.000024 seconds.
  path: Assets/Class8th (Instantiate)/Polygon-Lite Survival Collection/Models/SM_FIREWOOD_LAYING.fbx
  artifactKey: Guid(68101e52a9abd4c4ca4428f1d43fab7e) Importer(815301076,1909f56bfc062723c751e8b465ee728b)
Start importing Assets/Class8th (Instantiate)/Polygon-Lite Survival Collection/Models/SM_FIREWOOD_LAYING.fbx using Guid(68101e52a9abd4c4ca4428f1d43fab7e) Importer(815301076,1909f56bfc062723c751e8b465ee728b)  -> (artifact id: 'a01943bbbc316c5d9f7b1a4cb6a27dd5') in 0.020414 seconds
Number of updated asset objects reloaded before import = 0
Number of asset objects unloaded after import = 7
========================================================================
Received Import Request.
  Time since last request: 0.000036 seconds.
  path: Assets/Class8th (Instantiate)/Polygon-Lite Survival Collection/Models/SM_Canister_01.fbx
  artifactKey: Guid(a0dd0354caf5c0049b89be3049d07eb5) Importer(815301076,1909f56bfc062723c751e8b465ee728b)
Start importing Assets/Class8th (Instantiate)/Polygon-Lite Survival Collection/Models/SM_Canister_01.fbx using Guid(a0dd0354caf5c0049b89be3049d07eb5) Importer(815301076,1909f56bfc062723c751e8b465ee728b)  -> (artifact id: 'cf4bcb0dec396d27fba937abaafdad40') in 0.022989 seconds
Number of updated asset objects reloaded before import = 0
Number of asset objects unloaded after import = 7
========================================================================
Received Import Request.
  Time since last request: 0.000033 seconds.
  path: Assets/Class8th (Instantiate)/Polygon-Lite Survival Collection/Models/SM_Fishing_Rod.fbx
  artifactKey: Guid(a299e3c11d167104da0e6fa164084e76) Importer(815301076,1909f56bfc062723c751e8b465ee728b)
Start importing Assets/Class8th (Instantiate)/Polygon-Lite Survival Collection/Models/SM_Fishing_Rod.fbx using Guid(a299e3c11d167104da0e6fa164084e76) Importer(815301076,1909f56bfc062723c751e8b465ee728b)  -> (artifact id: '4ad4d56dc7143e133bd2f60066d65d28') in 0.030027 seconds
Number of updated asset objects reloaded before import = 0
Number of asset objects unloaded after import = 17
========================================================================
Received Import Request.
  Time since last request: 0.000026 seconds.
  path: Assets/Class8th (Instantiate)/Polygon-Lite Survival Collection/Models/SM_HOOK_FOR_Fishing_Rod_02.fbx
  artifactKey: Guid(ff5607038b4f5e5448b74feeef946c57) Importer(815301076,1909f56bfc062723c751e8b465ee728b)
Start importing Assets/Class8th (Instantiate)/Polygon-Lite Survival Collection/Models/SM_HOOK_FOR_Fishing_Rod_02.fbx using Guid(ff5607038b4f5e5448b74feeef946c57) Importer(815301076,1909f56bfc062723c751e8b465ee728b)  -> (artifact id: '6cbd3df94e5784588e40c0fc211402bd') in 0.020484 seconds
Number of updated asset objects reloaded before import = 0
Number of asset objects unloaded after import = 44
========================================================================
Received Import Request.
  Time since last request: 0.000017 seconds.
  path: Assets/Class8th (Instantiate)/Polygon-Lite Survival Collection/Models/SM_Camping_Knife.fbx
  artifactKey: Guid(04bada0946472ac4f9a2b0e9d6da6dcc) Importer(815301076,1909f56bfc062723c751e8b465ee728b)
Start importing Assets/Class8th (Instantiate)/Polygon-Lite Survival Collection/Models/SM_Camping_Knife.fbx using Guid(04bada0946472ac4f9a2b0e9d6da6dcc) Importer(815301076,1909f56bfc062723c751e8b465ee728b)  -> (artifact id: '251e315c38344dbc45cc13a3b419316f') in 0.017524 seconds
Number of updated asset objects reloaded before import = 0
Number of asset objects unloaded after import = 7
========================================================================
Received Import Request.
  Time since last request: 0.000014 seconds.
  path: Assets/Class8th (Instantiate)/Polygon-Lite Survival Collection/Models/SM_Chuck_Pistol_Box_9_EMPTY.fbx
  artifactKey: Guid(9942aaf2e61908a4fa3b6a8939ff52f9) Importer(815301076,1909f56bfc062723c751e8b465ee728b)
Start importing Assets/Class8th (Instantiate)/Polygon-Lite Survival Collection/Models/SM_Chuck_Pistol_Box_9_EMPTY.fbx using Guid(9942aaf2e61908a4fa3b6a8939ff52f9) Importer(815301076,1909f56bfc062723c751e8b465ee728b)  -> (artifact id: 'ee6b39531e86ec588e17bc10da89eb62') in 0.016726 seconds
Number of updated asset objects reloaded before import = 0
Number of asset objects unloaded after import = 7
========================================================================
Received Import Request.
  Time since last request: 0.000021 seconds.
  path: Assets/Class8th (Instantiate)/Polygon-Lite Survival Collection/Models/Meat_02.fbx
  artifactKey: Guid(b0d616cdeed04b140a3fbb3063f5beea) Importer(815301076,1909f56bfc062723c751e8b465ee728b)
Start importing Assets/Class8th (Instantiate)/Polygon-Lite Survival Collection/Models/Meat_02.fbx using Guid(b0d616cdeed04b140a3fbb3063f5beea) Importer(815301076,1909f56bfc062723c751e8b465ee728b)  -> (artifact id: '411d7c5ac94d7ef0f52e43af2ec0924f') in 0.015516 seconds
Number of updated asset objects reloaded before import = 0
Number of asset objects unloaded after import = 7
========================================================================
Received Import Request.
  Time since last request: 0.000014 seconds.
  path: Assets/Class8th (Instantiate)/Polygon-Lite Survival Collection/Models/Homemade_Medical_Splint.fbx
  artifactKey: Guid(27f2230ae424a774da3151968540aac8) Importer(815301076,1909f56bfc062723c751e8b465ee728b)
Start importing Assets/Class8th (Instantiate)/Polygon-Lite Survival Collection/Models/Homemade_Medical_Splint.fbx using Guid(27f2230ae424a774da3151968540aac8) Importer(815301076,1909f56bfc062723c751e8b465ee728b)  -> (artifact id: '7e11c48871c5d4644a98a65da932868f') in 0.016264 seconds
Number of updated asset objects reloaded before import = 0
Number of asset objects unloaded after import = 7
========================================================================
Received Import Request.
  Time since last request: 0.000020 seconds.
  path: Assets/Class8th (Instantiate)/Polygon-Lite Survival Collection/Models/Orange_01.fbx
  artifactKey: Guid(b4600eac96d6d584aae3bb5799e75c4b) Importer(815301076,1909f56bfc062723c751e8b465ee728b)
Start importing Assets/Class8th (Instantiate)/Polygon-Lite Survival Collection/Models/Orange_01.fbx using Guid(b4600eac96d6d584aae3bb5799e75c4b) Importer(815301076,1909f56bfc062723c751e8b465ee728b)  -> (artifact id: '1d4807a43bc3d2c97332f7b82959d844') in 0.019588 seconds
Number of updated asset objects reloaded before import = 0
Number of asset objects unloaded after import = 7
========================================================================
Received Import Request.
  Time since last request: 0.000023 seconds.
  path: Assets/Class8th (Instantiate)/Polygon-Lite Survival Collection/Models/Canned_food_A_01.fbx
  artifactKey: Guid(392ff5165006e464c86c9dbe80cc8d3f) Importer(815301076,1909f56bfc062723c751e8b465ee728b)
Start importing Assets/Class8th (Instantiate)/Polygon-Lite Survival Collection/Models/Canned_food_A_01.fbx using Guid(392ff5165006e464c86c9dbe80cc8d3f) Importer(815301076,1909f56bfc062723c751e8b465ee728b)  -> (artifact id: 'c30871a26eac2afae6b87ee6920b718a') in 0.016602 seconds
Number of updated asset objects reloaded before import = 0
Number of asset objects unloaded after import = 7
========================================================================
Received Import Request.
  Time since last request: 0.000020 seconds.
  path: Assets/Class8th (Instantiate)/Polygon-Lite Survival Collection/Models/SM_Barrel_Closed_01_A.fbx
  artifactKey: Guid(5268200bc6db80845af09eb0823e211e) Importer(815301076,1909f56bfc062723c751e8b465ee728b)
Start importing Assets/Class8th (Instantiate)/Polygon-Lite Survival Collection/Models/SM_Barrel_Closed_01_A.fbx using Guid(5268200bc6db80845af09eb0823e211e) Importer(815301076,1909f56bfc062723c751e8b465ee728b)  -> (artifact id: '8998b947053c85b8e594bbd7459fd5d3') in 0.015989 seconds
Number of updated asset objects reloaded before import = 0
Number of asset objects unloaded after import = 7
========================================================================
Received Import Request.
  Time since last request: 0.000020 seconds.
  path: Assets/Class8th (Instantiate)/Polygon-Lite Survival Collection/Models/SM_Army_Pistol.fbx
  artifactKey: Guid(1cc03cbb51606e04faa898feb8fab8e3) Importer(815301076,1909f56bfc062723c751e8b465ee728b)
Start importing Assets/Class8th (Instantiate)/Polygon-Lite Survival Collection/Models/SM_Army_Pistol.fbx using Guid(1cc03cbb51606e04faa898feb8fab8e3) Importer(815301076,1909f56bfc062723c751e8b465ee728b)  -> (artifact id: '840fd209d0313830e88b90e237b266c4') in 0.031836 seconds
Number of updated asset objects reloaded before import = 0
Number of asset objects unloaded after import = 22
========================================================================
Received Import Request.
  Time since last request: 0.000024 seconds.
  path: Assets/Class8th (Instantiate)/Polygon-Lite Survival Collection/Models/SM_CEMENT_01.fbx
  artifactKey: Guid(93f15df65e3899543be6630b3c527a07) Importer(815301076,1909f56bfc062723c751e8b465ee728b)
Start importing Assets/Class8th (Instantiate)/Polygon-Lite Survival Collection/Models/SM_CEMENT_01.fbx using Guid(93f15df65e3899543be6630b3c527a07) Importer(815301076,1909f56bfc062723c751e8b465ee728b)  -> (artifact id: 'a2d4a9153a6658ed6db54028b601bc27') in 0.015726 seconds
Number of updated asset objects reloaded before import = 0
Number of asset objects unloaded after import = 7
========================================================================
Received Import Request.
  Time since last request: 0.000035 seconds.
  path: Assets/Class8th (Instantiate)/Polygon-Lite Survival Collection/Models/SM_Handguard_For_Submachine_Gun_02.fbx
  artifactKey: Guid(d4cec953f6eb0254584387bd0e9dd253) Importer(815301076,1909f56bfc062723c751e8b465ee728b)
Start importing Assets/Class8th (Instantiate)/Polygon-Lite Survival Collection/Models/SM_Handguard_For_Submachine_Gun_02.fbx using Guid(d4cec953f6eb0254584387bd0e9dd253) Importer(815301076,1909f56bfc062723c751e8b465ee728b)  -> (artifact id: '4c9ce068f664df51a037c7583bc8b41a') in 0.016147 seconds
Number of updated asset objects reloaded before import = 0
Number of asset objects unloaded after import = 7
========================================================================
Received Import Request.
  Time since last request: 0.000032 seconds.
  path: Assets/Class8th (Instantiate)/Polygon-Lite Survival Collection/Models/SM_Collimator_Sight_A_01.fbx
  artifactKey: Guid(26460841deee7094682bcaf0c141ea20) Importer(815301076,1909f56bfc062723c751e8b465ee728b)
Start importing Assets/Class8th (Instantiate)/Polygon-Lite Survival Collection/Models/SM_Collimator_Sight_A_01.fbx using Guid(26460841deee7094682bcaf0c141ea20) Importer(815301076,1909f56bfc062723c751e8b465ee728b)  -> (artifact id: '9ee2d26f3ae09fec2734c7243ce2fb47') in 0.014866 seconds
Number of updated asset objects reloaded before import = 0
Number of asset objects unloaded after import = 7
========================================================================
Received Import Request.
  Time since last request: 0.000031 seconds.
  path: Assets/Class8th (Instantiate)/Polygon-Lite Survival Collection/Models/Bonfire_01.fbx
  artifactKey: Guid(c498a631fed69f64ea4bf26cf636f1d1) Importer(815301076,1909f56bfc062723c751e8b465ee728b)
Start importing Assets/Class8th (Instantiate)/Polygon-Lite Survival Collection/Models/Bonfire_01.fbx using Guid(c498a631fed69f64ea4bf26cf636f1d1) Importer(815301076,1909f56bfc062723c751e8b465ee728b)  -> (artifact id: '61c70061fa6b6d88b507d0108ff3a84c') in 0.014112 seconds
Number of updated asset objects reloaded before import = 0
Number of asset objects unloaded after import = 7
========================================================================
Received Import Request.
  Time since last request: 0.000020 seconds.
  path: Assets/Class8th (Instantiate)/Polygon-Lite Survival Collection/Models/SM_Large_Magazine_For_Army_Pistol.fbx
  artifactKey: Guid(ae0baeda56766ad408a1ebf8e3f8639b) Importer(815301076,1909f56bfc062723c751e8b465ee728b)
Start importing Assets/Class8th (Instantiate)/Polygon-Lite Survival Collection/Models/SM_Large_Magazine_For_Army_Pistol.fbx using Guid(ae0baeda56766ad408a1ebf8e3f8639b) Importer(815301076,1909f56bfc062723c751e8b465ee728b)  -> (artifact id: 'db12ebec8935279874425908f0d6f102') in 0.014777 seconds
Number of updated asset objects reloaded before import = 0
Number of asset objects unloaded after import = 7
========================================================================
Received Import Request.
  Time since last request: 0.000016 seconds.
  path: Assets/Class8th (Instantiate)/Polygon-Lite Survival Collection/Models/SM_FIREWOOD.fbx
  artifactKey: Guid(5df2cd158efe7e046802b7942e599378) Importer(815301076,1909f56bfc062723c751e8b465ee728b)
Start importing Assets/Class8th (Instantiate)/Polygon-Lite Survival Collection/Models/SM_FIREWOOD.fbx using Guid(5df2cd158efe7e046802b7942e599378) Importer(815301076,1909f56bfc062723c751e8b465ee728b)  -> (artifact id: '67432674732b8af83f2a75dbea96519b') in 0.014501 seconds
Number of updated asset objects reloaded before import = 0
Number of asset objects unloaded after import = 7
========================================================================
Received Import Request.
  Time since last request: 0.000017 seconds.
  path: Assets/Class8th (Instantiate)/Polygon-Lite Survival Collection/Models/SM_FLATCHE.fbx
  artifactKey: Guid(34aa33e6e98a0ab46aacad99f49ade21) Importer(815301076,1909f56bfc062723c751e8b465ee728b)
Start importing Assets/Class8th (Instantiate)/Polygon-Lite Survival Collection/Models/SM_FLATCHE.fbx using Guid(34aa33e6e98a0ab46aacad99f49ade21) Importer(815301076,1909f56bfc062723c751e8b465ee728b)  -> (artifact id: 'f4cb5dceefa9c19f80ec6c2b74988f00') in 0.014397 seconds
Number of updated asset objects reloaded before import = 0
Number of asset objects unloaded after import = 7
========================================================================
Received Import Request.
  Time since last request: 0.000015 seconds.
  path: Assets/Class8th (Instantiate)/Polygon-Lite Survival Collection/Models/SM_Large_Magazine_For_Army_Pistol_Empty.fbx
  artifactKey: Guid(e0c6bd01faa27d641885eceefda2b6b3) Importer(815301076,1909f56bfc062723c751e8b465ee728b)
Start importing Assets/Class8th (Instantiate)/Polygon-Lite Survival Collection/Models/SM_Large_Magazine_For_Army_Pistol_Empty.fbx using Guid(e0c6bd01faa27d641885eceefda2b6b3) Importer(815301076,1909f56bfc062723c751e8b465ee728b)  -> (artifact id: '27ca5797e72804027e47b1d46189be14') in 0.015274 seconds
Number of updated asset objects reloaded before import = 0
Number of asset objects unloaded after import = 7
========================================================================
Received Import Request.
  Time since last request: 31.037275 seconds.
  path: Assets/Class8th (Instantiate)/Polygon-Lite Survival Collection/Materials/Blue.mat
  artifactKey: Guid(f56e297c4d79d854295e2047536db3f0) Importer(815301076,1909f56bfc062723c751e8b465ee728b)
Start importing Assets/Class8th (Instantiate)/Polygon-Lite Survival Collection/Materials/Blue.mat using Guid(f56e297c4d79d854295e2047536db3f0) Importer(815301076,1909f56bfc062723c751e8b465ee728b)  -> (artifact id: '7ca118ce688f46792e841bc49e30d72d') in 0.027927 seconds
Number of updated asset objects reloaded before import = 0
Number of asset objects unloaded after import = 1
========================================================================
Received Import Request.
  Time since last request: 0.000025 seconds.
  path: Assets/Class8th (Instantiate)/Polygon-Lite Survival Collection/Materials/Ground.mat
  artifactKey: Guid(56bb5f36816c84e47951a0c47b02f54b) Importer(815301076,1909f56bfc062723c751e8b465ee728b)
Start importing Assets/Class8th (Instantiate)/Polygon-Lite Survival Collection/Materials/Ground.mat using Guid(56bb5f36816c84e47951a0c47b02f54b) Importer(815301076,1909f56bfc062723c751e8b465ee728b)  -> (artifact id: '3c6dac1b7a09ac376978d4e5f2428ff1') in 0.013926 seconds
Number of updated asset objects reloaded before import = 0
Number of asset objects unloaded after import = 1
========================================================================
Received Import Request.
  Time since last request: 0.000020 seconds.
  path: Assets/Class8th (Instantiate)/Polygon-Lite Survival Collection/Materials/Light 1.mat
  artifactKey: Guid(aeb2459e12c62264f93887022f038fb3) Importer(815301076,1909f56bfc062723c751e8b465ee728b)
Start importing Assets/Class8th (Instantiate)/Polygon-Lite Survival Collection/Materials/Light 1.mat using Guid(aeb2459e12c62264f93887022f038fb3) Importer(815301076,1909f56bfc062723c751e8b465ee728b)  -> (artifact id: '816fa349930cce27dd05de2d7aaa8e5b') in 0.013197 seconds
Number of updated asset objects reloaded before import = 0
Number of asset objects unloaded after import = 1
========================================================================
Received Import Request.
  Time since last request: 0.000021 seconds.
  path: Assets/Class8th (Instantiate)/Polygon-Lite Survival Collection/Materials/Yello.mat
  artifactKey: Guid(2b72f54e9445c2c4c9758f68df5ef9d3) Importer(815301076,1909f56bfc062723c751e8b465ee728b)
Start importing Assets/Class8th (Instantiate)/Polygon-Lite Survival Collection/Materials/Yello.mat using Guid(2b72f54e9445c2c4c9758f68df5ef9d3) Importer(815301076,1909f56bfc062723c751e8b465ee728b)  -> (artifact id: '1c432f1d2e392ba9e334fe488fd6bc95') in 0.013499 seconds
Number of updated asset objects reloaded before import = 0
Number of asset objects unloaded after import = 1
========================================================================
Received Import Request.
  Time since last request: 0.000019 seconds.
  path: Assets/Class8th (Instantiate)/Polygon-Lite Survival Collection/Materials/MainMaterialFree.mat
  artifactKey: Guid(e47e8f0bb92aaff4c93eedb0398a1c96) Importer(815301076,1909f56bfc062723c751e8b465ee728b)
Start importing Assets/Class8th (Instantiate)/Polygon-Lite Survival Collection/Materials/MainMaterialFree.mat using Guid(e47e8f0bb92aaff4c93eedb0398a1c96) Importer(815301076,1909f56bfc062723c751e8b465ee728b)  -> (artifact id: '58215c0fef3d4d180c8dd94b18ad37f2') in 0.012573 seconds
Number of updated asset objects reloaded before import = 0
Number of asset objects unloaded after import = 2
========================================================================
Received Import Request.
  Time since last request: 1.104461 seconds.
  path: Assets/Class8th (Instantiate)/Polygon-Lite Survival Collection/Models/SM_Log_laying.fbx
  artifactKey: Guid(74eba7947f3105d4492bd23c4a539f99) Importer(815301076,1909f56bfc062723c751e8b465ee728b)
Start importing Assets/Class8th (Instantiate)/Polygon-Lite Survival Collection/Models/SM_Log_laying.fbx using Guid(74eba7947f3105d4492bd23c4a539f99) Importer(815301076,1909f56bfc062723c751e8b465ee728b)  -> (artifact id: '1de6fd07635dee0a466f8901da2df71b') in 0.014884 seconds
Number of updated asset objects reloaded before import = 0
Number of asset objects unloaded after import = 7
========================================================================
Received Import Request.
  Time since last request: 0.000013 seconds.
  path: Assets/Class8th (Instantiate)/Polygon-Lite Survival Collection/Models/SM_Scrap_Metal_03.fbx
  artifactKey: Guid(804c9c6df5d056e4da0e9b1081a86e39) Importer(815301076,1909f56bfc062723c751e8b465ee728b)
Start importing Assets/Class8th (Instantiate)/Polygon-Lite Survival Collection/Models/SM_Scrap_Metal_03.fbx using Guid(804c9c6df5d056e4da0e9b1081a86e39) Importer(815301076,1909f56bfc062723c751e8b465ee728b)  -> (artifact id: 'de2173b95092e393b10fb8de0e31c97a') in 0.016149 seconds
Number of updated asset objects reloaded before import = 0
Number of asset objects unloaded after import = 7
========================================================================
Received Import Request.
  Time since last request: 0.000031 seconds.
  path: Assets/Class8th (Instantiate)/Polygon-Lite Survival Collection/Models/SM_Magazine_For_Army_Pistol_Empty.fbx
  artifactKey: Guid(1f9f83a8c0bf9e9498756f4454978095) Importer(815301076,1909f56bfc062723c751e8b465ee728b)
Start importing Assets/Class8th (Instantiate)/Polygon-Lite Survival Collection/Models/SM_Magazine_For_Army_Pistol_Empty.fbx using Guid(1f9f83a8c0bf9e9498756f4454978095) Importer(815301076,1909f56bfc062723c751e8b465ee728b)  -> (artifact id: '217b3cd6450f5a6b37237b37244aaf74') in 0.014327 seconds
Number of updated asset objects reloaded before import = 0
Number of asset objects unloaded after import = 7
========================================================================
Received Import Request.
  Time since last request: 0.000048 seconds.
  path: Assets/Class8th (Instantiate)/Polygon-Lite Survival Collection/Models/SM_Pallet_03.fbx
  artifactKey: Guid(a4e716dc033017f4b8f3fe9be3dd65cc) Importer(815301076,1909f56bfc062723c751e8b465ee728b)
Start importing Assets/Class8th (Instantiate)/Polygon-Lite Survival Collection/Models/SM_Pallet_03.fbx using Guid(a4e716dc033017f4b8f3fe9be3dd65cc) Importer(815301076,1909f56bfc062723c751e8b465ee728b)  -> (artifact id: '33a1c41a352dbd9169d1897176cfc2ae') in 0.016960 seconds
Number of updated asset objects reloaded before import = 0
Number of asset objects unloaded after import = 7
========================================================================
Received Import Request.
  Time since last request: 0.000015 seconds.
  path: Assets/Class8th (Instantiate)/Polygon-Lite Survival Collection/Models/SM_Workbench.fbx
  artifactKey: Guid(a98078f2fd9a09b47adbff5711682518) Importer(815301076,1909f56bfc062723c751e8b465ee728b)
Start importing Assets/Class8th (Instantiate)/Polygon-Lite Survival Collection/Models/SM_Workbench.fbx using Guid(a98078f2fd9a09b47adbff5711682518) Importer(815301076,1909f56bfc062723c751e8b465ee728b)  -> (artifact id: 'f8740ab28282a1224e5717d2edef6b33') in 0.017566 seconds
Number of updated asset objects reloaded before import = 0
Number of asset objects unloaded after import = 7
========================================================================
Received Import Request.
  Time since last request: 0.000018 seconds.
  path: Assets/Class8th (Instantiate)/Polygon-Lite Survival Collection/Models/SM_Sledgehammer.fbx
  artifactKey: Guid(e66d5815e4e8f524898a9293b5469855) Importer(815301076,1909f56bfc062723c751e8b465ee728b)
Start importing Assets/Class8th (Instantiate)/Polygon-Lite Survival Collection/Models/SM_Sledgehammer.fbx using Guid(e66d5815e4e8f524898a9293b5469855) Importer(815301076,1909f56bfc062723c751e8b465ee728b)  -> (artifact id: '26c694002b04fe2eff4907f8eeb6ee42') in 0.015901 seconds
Number of updated asset objects reloaded before import = 0
Number of asset objects unloaded after import = 7
========================================================================
Received Import Request.
  Time since last request: 0.000017 seconds.
  path: Assets/Class8th (Instantiate)/Polygon-Lite Survival Collection/Models/SM_Special_Submachine_Gun_Clean.fbx
  artifactKey: Guid(77fd3f23017f637479f20255333ee7b0) Importer(815301076,1909f56bfc062723c751e8b465ee728b)
Start importing Assets/Class8th (Instantiate)/Polygon-Lite Survival Collection/Models/SM_Special_Submachine_Gun_Clean.fbx using Guid(77fd3f23017f637479f20255333ee7b0) Importer(815301076,1909f56bfc062723c751e8b465ee728b)  -> (artifact id: '0b1d3a204d44d770956d52d5bb178dd7') in 0.041014 seconds
Number of updated asset objects reloaded before import = 0
Number of asset objects unloaded after import = 34
========================================================================
Received Import Request.
  Time since last request: 0.000039 seconds.
  path: Assets/Class8th (Instantiate)/Polygon-Lite Survival Collection/Models/Small_Canned_Food_D_03.fbx
  artifactKey: Guid(ef8f38555e95d65438aeafc8a3b342cf) Importer(815301076,1909f56bfc062723c751e8b465ee728b)
Start importing Assets/Class8th (Instantiate)/Polygon-Lite Survival Collection/Models/Small_Canned_Food_D_03.fbx using Guid(ef8f38555e95d65438aeafc8a3b342cf) Importer(815301076,1909f56bfc062723c751e8b465ee728b)  -> (artifact id: 'bb67877cdd9d2000ca291dc089a518a8') in 0.016421 seconds
Number of updated asset objects reloaded before import = 0
Number of asset objects unloaded after import = 7
Editor requested this worker to shutdown with reason: Scaling down because of idle timeout
TcpMessagingSession - receive error: operation aborted. errorcode: 995, details: ˝ş·ąµĺ Áľ·á ¶Ç´Â ŔŔżë ÇÁ·Î±×·Ą żäĂ» ¶§ą®żˇ I/O ŔŰľ÷ŔĚ ĂëĽŇµÇľú˝Ŕ´Ď´Ů.
AssetImportWorker is now disconnected from the server
Process exiting
Exiting without the bug reporter. Application will terminate with return code 0