  Program.cpp
C:\Users\Administrator\Desktop\Government-Funded-Education\Program\Program.cpp(50,34): warning C4311: '형식 캐스트': 'T'에서 'unsigned int'(으)로 포인터가 잘립니다.
C:\Users\Administrator\Desktop\Government-Funded-Education\Program\Program.cpp(50,34): warning C4311:         with
C:\Users\Administrator\Desktop\Government-Funded-Education\Program\Program.cpp(50,34): warning C4311:         [
C:\Users\Administrator\Desktop\Government-Funded-Education\Program\Program.cpp(50,34): warning C4311:             T=const char *
C:\Users\Administrator\Desktop\Government-Funded-Education\Program\Program.cpp(50,34): warning C4311:         ]
  C:\Users\Administrator\Desktop\Government-Funded-Education\Program\Program.cpp(50,34):
  템플릿 인스턴스화 컨텍스트(가장 오래된 인스턴스화 컨텍스트)가
  	C:\Users\Administrator\Desktop\Government-Funded-Education\Program\Program.cpp(162,34):
  	컴파일되는 클래스 템플릿 인스턴스화 'HashTable<const char *,int>'에 대한 참조를 확인하세요.
  	C:\Users\Administrator\Desktop\Government-Funded-Education\Program\Program.cpp(80,10):
  	클래스 템플릿 멤버 함수 'void HashTable<const char *,int>::erase(KEY)'을(를) 컴파일하는 중입니다.
          with
          [
              KEY=const char *
          ]
  		C:\Users\Administrator\Desktop\Government-Funded-Education\Program\Program.cpp(168,20):
  		'main'에서 'HashTable<const char *,int>::erase'에 대한 첫 번째 참조를 확인하세요.
  	C:\Users\Administrator\Desktop\Government-Funded-Education\Program\Program.cpp(83,25):
  	컴파일되는 함수 템플릿 인스턴스화 'const unsigned int &HashTable<const char *,int>::hash_function<KEY>(T)'에 대한 참조를 확인하세요.
          with
          [
              KEY=const char *,
              T=const char *
          ]
  
C:\Users\Administrator\Desktop\Government-Funded-Education\Program\Program.cpp(50,34): warning C4302: '형식 캐스트': 'T'에서 'unsigned int'(으)로 잘립니다.
C:\Users\Administrator\Desktop\Government-Funded-Education\Program\Program.cpp(50,34): warning C4302:         with
C:\Users\Administrator\Desktop\Government-Funded-Education\Program\Program.cpp(50,34): warning C4302:         [
C:\Users\Administrator\Desktop\Government-Funded-Education\Program\Program.cpp(50,34): warning C4302:             T=const char *
C:\Users\Administrator\Desktop\Government-Funded-Education\Program\Program.cpp(50,34): warning C4302:         ]
C:\Users\Administrator\Desktop\Government-Funded-Education\Program\Program.cpp(52,1): warning C4172: 지역 변수 또는 임시: hashIndex의 주소를 반환하고 있습니다.
  Program.vcxproj -> C:\Users\Administrator\Desktop\Government-Funded-Education\Program\x64\Debug\Program.exe
